This is pdfTeX, Version 3.141592653-2.6-1.40.26 (TeX Live 2024/Arch Linux) (preloaded format=pdflatex 2024.12.11)  23 DEC 2024 13:28
entering extended mode
 restricted \write18 enabled.
 %&-line parsing enabled.
**/home/mp2720/itmo/inf/lab6/2.tex
(/home/mp2720/itmo/inf/lab6/2.tex
LaTeX2e <2023-11-01> patch level 1
L3 programming layer <2024-02-20>
! Undefined control sequence.
l.37 \DefineFNsymbols
                     *{asterisks}{*{**}{***}}
The control sequence at the end of the top line
of your error message was never \def'ed. If you have
misspelled it (e.g., `\hobx'), type `I' and the correct
spelling (e.g., `I\hbox'). Otherwise just continue,
and I'll forget about whatever was undefined.


! LaTeX Error: Missing \begin{document}.

See the LaTeX manual or LaTeX Companion for explanation.
Type  H <return>  for immediate help.
 ...                                              
                                                  
l.37 \DefineFNsymbols*
                      {asterisks}{*{**}{***}}
You're in trouble here.  Try typing  <return>  to proceed.
If that doesn't work, type  X <return>  to quit.

Missing character: There is no * in font nullfont!
Missing character: There is no a in font nullfont!
Missing character: There is no s in font nullfont!
Missing character: There is no t in font nullfont!
Missing character: There is no e in font nullfont!
Missing character: There is no r in font nullfont!
Missing character: There is no i in font nullfont!
Missing character: There is no s in font nullfont!
Missing character: There is no k in font nullfont!
Missing character: There is no s in font nullfont!
Missing character: There is no * in font nullfont!
Missing character: There is no * in font nullfont!
Missing character: There is no * in font nullfont!
Missing character: There is no * in font nullfont!
Missing character: There is no * in font nullfont!
Missing character: There is no * in font nullfont!
! Undefined control sequence.
l.38 \setfnsymbol
                 {asterisks}
The control sequence at the end of the top line
of your error message was never \def'ed. If you have
misspelled it (e.g., `\hobx'), type `I' and the correct
spelling (e.g., `I\hbox'). Otherwise just continue,
and I'll forget about whatever was undefined.

Missing character: There is no a in font nullfont!
Missing character: There is no s in font nullfont!
Missing character: There is no t in font nullfont!
Missing character: There is no e in font nullfont!
Missing character: There is no r in font nullfont!
Missing character: There is no i in font nullfont!
Missing character: There is no s in font nullfont!
Missing character: There is no k in font nullfont!
Missing character: There is no s in font nullfont!

Overfull \hbox (20.0pt too wide) in paragraph at lines 37--41
[]
 []


! LaTeX Error: Unicode character –∂ (U+0436)
               not set up for use with LaTeX.

See the LaTeX manual or LaTeX Companion for explanation.
Type  H <return>  for immediate help.
 ...                                              
                                                  
l.42 –∂
       –µ—Å—Ç–≤–æ –±–ª–∏–∑–Ω–µ—Ü–æ–≤. –ù–∞–∏–±–æ–ª—å—à–µ–π –∏–∑ –∏–∑–≤–µ—Å—Ç...

You may provide a definition with
\DeclareUnicodeCharacter 


! LaTeX Error: Unicode character –µ (U+0435)
               not set up for use with LaTeX.

See the LaTeX manual or LaTeX Companion for explanation.
Type  H <return>  for immediate help.
 ...                                              
                                                  
l.42 –∂–µ
         —Å—Ç–≤–æ –±–ª–∏–∑–Ω–µ—Ü–æ–≤. –ù–∞–∏–±–æ–ª—å—à–µ–π –∏–∑ –∏–∑–≤–µ—Å—Ç...

You may provide a definition with
\DeclareUnicodeCharacter 


! LaTeX Error: Unicode character —Å (U+0441)
               not set up for use with LaTeX.

See the LaTeX manual or LaTeX Companion for explanation.
Type  H <return>  for immediate help.
 ...                                              
                                                  
l.42 –∂–µ—Å
           —Ç–≤–æ –±–ª–∏–∑–Ω–µ—Ü–æ–≤. –ù–∞–∏–±–æ–ª—å—à–µ–π –∏–∑ –∏–∑–≤–µ—Å—Ç...

You may provide a definition with
\DeclareUnicodeCharacter 


! LaTeX Error: Unicode character —Ç (U+0442)
               not set up for use with LaTeX.

See the LaTeX manual or LaTeX Companion for explanation.
Type  H <return>  for immediate help.
 ...                                              
                                                  
l.42 –∂–µ—Å—Ç
             –≤–æ –±–ª–∏–∑–Ω–µ—Ü–æ–≤. –ù–∞–∏–±–æ–ª—å—à–µ–π –∏–∑ –∏–∑–≤–µ—Å—Ç...

You may provide a definition with
\DeclareUnicodeCharacter 


! LaTeX Error: Unicode character –≤ (U+0432)
               not set up for use with LaTeX.

See the LaTeX manual or LaTeX Companion for explanation.
Type  H <return>  for immediate help.
 ...                                              
                                                  
l.42 –∂–µ—Å—Ç–≤
               –æ –±–ª–∏–∑–Ω–µ—Ü–æ–≤. –ù–∞–∏–±–æ–ª—å—à–µ–π –∏–∑ –∏–∑–≤–µ—Å—Ç...

You may provide a definition with
\DeclareUnicodeCharacter 


! LaTeX Error: Unicode character –æ (U+043E)
               not set up for use with LaTeX.

See the LaTeX manual or LaTeX Companion for explanation.
Type  H <return>  for immediate help.
 ...                                              
                                                  
l.42 –∂–µ—Å—Ç–≤–æ
                  –±–ª–∏–∑–Ω–µ—Ü–æ–≤. –ù–∞–∏–±–æ–ª—å—à–µ–π –∏–∑ –∏–∑–≤–µ—Å—Ç...

You may provide a definition with
\DeclareUnicodeCharacter 


! LaTeX Error: Unicode character –± (U+0431)
               not set up for use with LaTeX.

See the LaTeX manual or LaTeX Companion for explanation.
Type  H <return>  for immediate help.
 ...                                              
                                                  
l.42 –∂–µ—Å—Ç–≤–æ –±
                    –ª–∏–∑–Ω–µ—Ü–æ–≤. –ù–∞–∏–±–æ–ª—å—à–µ–π –∏–∑ –∏–∑–≤–µ—Å—Ç...

You may provide a definition with
\DeclareUnicodeCharacter 


! LaTeX Error: Unicode character –ª (U+043B)
               not set up for use with LaTeX.

See the LaTeX manual or LaTeX Companion for explanation.
Type  H <return>  for immediate help.
 ...                                              
                                                  
l.42 –∂–µ—Å—Ç–≤–æ –±–ª
                      –∏–∑–Ω–µ—Ü–æ–≤. –ù–∞–∏–±–æ–ª—å—à–µ–π –∏–∑ –∏–∑–≤–µ—Å—Ç...

You may provide a definition with
\DeclareUnicodeCharacter 


! LaTeX Error: Unicode character –∏ (U+0438)
               not set up for use with LaTeX.

See the LaTeX manual or LaTeX Companion for explanation.
Type  H <return>  for immediate help.
 ...                                              
                                                  
l.42 –∂–µ—Å—Ç–≤–æ –±–ª–∏
                        –∑–Ω–µ—Ü–æ–≤. –ù–∞–∏–±–æ–ª—å—à–µ–π –∏–∑ –∏–∑–≤–µ—Å—Ç...

You may provide a definition with
\DeclareUnicodeCharacter 


! LaTeX Error: Unicode character –∑ (U+0437)
               not set up for use with LaTeX.

See the LaTeX manual or LaTeX Companion for explanation.
Type  H <return>  for immediate help.
 ...                                              
                                                  
l.42 –∂–µ—Å—Ç–≤–æ –±–ª–∏–∑
                          –Ω–µ—Ü–æ–≤. –ù–∞–∏–±–æ–ª—å—à–µ–π –∏–∑ –∏–∑–≤–µ—Å—Ç...

You may provide a definition with
\DeclareUnicodeCharacter 


! LaTeX Error: Unicode character –Ω (U+043D)
               not set up for use with LaTeX.

See the LaTeX manual or LaTeX Companion for explanation.
Type  H <return>  for immediate help.
 ...                                              
                                                  
l.42 –∂–µ—Å—Ç–≤–æ –±–ª–∏–∑–Ω
                            –µ—Ü–æ–≤. –ù–∞–∏–±–æ–ª—å—à–µ–π –∏–∑ –∏–∑–≤–µ—Å—Ç...

You may provide a definition with
\DeclareUnicodeCharacter 


! LaTeX Error: Unicode character –µ (U+0435)
               not set up for use with LaTeX.

See the LaTeX manual or LaTeX Companion for explanation.
Type  H <return>  for immediate help.
 ...                                              
                                                  
l.42 –∂–µ—Å—Ç–≤–æ –±–ª–∏–∑–Ω–µ
                              —Ü–æ–≤. –ù–∞–∏–±–æ–ª—å—à–µ–π –∏–∑ –∏–∑–≤–µ—Å—Ç...

You may provide a definition with
\DeclareUnicodeCharacter 


! LaTeX Error: Unicode character —Ü (U+0446)
               not set up for use with LaTeX.

See the LaTeX manual or LaTeX Companion for explanation.
Type  H <return>  for immediate help.
 ...                                              
                                                  
l.42 –∂–µ—Å—Ç–≤–æ –±–ª–∏–∑–Ω–µ—Ü
                                –æ–≤. –ù–∞–∏–±–æ–ª—å—à–µ–π –∏–∑ –∏–∑–≤–µ—Å—Ç...

You may provide a definition with
\DeclareUnicodeCharacter 


! LaTeX Error: Unicode character –æ (U+043E)
               not set up for use with LaTeX.

See the LaTeX manual or LaTeX Companion for explanation.
Type  H <return>  for immediate help.
 ...                                              
                                                  
l.42 –∂–µ—Å—Ç–≤–æ –±–ª–∏–∑–Ω–µ—Ü–æ
                                  –≤. –ù–∞–∏–±–æ–ª—å—à–µ–π –∏–∑ –∏–∑–≤–µ—Å—Ç...

You may provide a definition with
\DeclareUnicodeCharacter 


! LaTeX Error: Unicode character –≤ (U+0432)
               not set up for use with LaTeX.

See the LaTeX manual or LaTeX Companion for explanation.
Type  H <return>  for immediate help.
 ...                                              
                                                  
l.42 –∂–µ—Å—Ç–≤–æ –±–ª–∏–∑–Ω–µ—Ü–æ–≤
                                    . –ù–∞–∏–±–æ–ª—å—à–µ–π –∏–∑ –∏–∑–≤–µ—Å—Ç...

You may provide a definition with
\DeclareUnicodeCharacter 


! LaTeX Error: Missing \begin{document}.

See the LaTeX manual or LaTeX Companion for explanation.
Type  H <return>  for immediate help.
 ...                                              
                                                  
l.42 –∂–µ—Å—Ç–≤–æ –±–ª–∏–∑–Ω–µ—Ü–æ–≤.
                                      –ù–∞–∏–±–æ–ª—å—à–µ–π –∏–∑ –∏–∑–≤–µ—Å—Ç...

You're in trouble here.  Try typing  <return>  to proceed.
If that doesn't work, type  X <return>  to quit.

Missing character: There is no . in font nullfont!

! LaTeX Error: Unicode character –ù (U+041D)
               not set up for use with LaTeX.

See the LaTeX manual or LaTeX Companion for explanation.
Type  H <return>  for immediate help.
 ...                                              
                                                  
l.42 –∂–µ—Å—Ç–≤–æ –±–ª–∏–∑–Ω–µ—Ü–æ–≤. –ù
                                        –∞–∏–±–æ–ª—å—à–µ–π –∏–∑ –∏–∑–≤–µ—Å—Ç...

You may provide a definition with
\DeclareUnicodeCharacter 


! LaTeX Error: Unicode character –∞ (U+0430)
               not set up for use with LaTeX.

See the LaTeX manual or LaTeX Companion for explanation.
Type  H <return>  for immediate help.
 ...                                              
                                                  
l.42 –∂–µ—Å—Ç–≤–æ –±–ª–∏–∑–Ω–µ—Ü–æ–≤. –ù–∞
                                          –∏–±–æ–ª—å—à–µ–π –∏–∑ –∏–∑–≤–µ—Å—Ç...

You may provide a definition with
\DeclareUnicodeCharacter 


! LaTeX Error: Unicode character –∏ (U+0438)
               not set up for use with LaTeX.

See the LaTeX manual or LaTeX Companion for explanation.
Type  H <return>  for immediate help.
 ...                                              
                                                  
l.42 –∂–µ—Å—Ç–≤–æ –±–ª–∏–∑–Ω–µ—Ü–æ–≤. –ù–∞–∏
                                            –±–æ–ª—å—à–µ–π –∏–∑ –∏–∑–≤–µ—Å—Ç...

You may provide a definition with
\DeclareUnicodeCharacter 


! LaTeX Error: Unicode character –± (U+0431)
               not set up for use with LaTeX.

See the LaTeX manual or LaTeX Companion for explanation.
Type  H <return>  for immediate help.
 ...                                              
                                                  
l.42 –∂–µ—Å—Ç–≤–æ –±–ª–∏–∑–Ω–µ—Ü–æ–≤. –ù–∞–∏–±
                                              –æ–ª—å—à–µ–π –∏–∑ –∏–∑–≤–µ—Å—Ç...

You may provide a definition with
\DeclareUnicodeCharacter 


! LaTeX Error: Unicode character –æ (U+043E)
               not set up for use with LaTeX.

See the LaTeX manual or LaTeX Companion for explanation.
Type  H <return>  for immediate help.
 ...                                              
                                                  
l.42 –∂–µ—Å—Ç–≤–æ –±–ª–∏–∑–Ω–µ—Ü–æ–≤. –ù–∞–∏–±–æ
                                                –ª—å—à–µ–π –∏–∑ –∏–∑–≤–µ—Å—Ç...

You may provide a definition with
\DeclareUnicodeCharacter 


! LaTeX Error: Unicode character –ª (U+043B)
               not set up for use with LaTeX.

See the LaTeX manual or LaTeX Companion for explanation.
Type  H <return>  for immediate help.
 ...                                              
                                                  
l.42 –∂–µ—Å—Ç–≤–æ –±–ª–∏–∑–Ω–µ—Ü–æ–≤. –ù–∞–∏–±–æ–ª
                                                  —å—à–µ–π –∏–∑ –∏–∑–≤–µ—Å—Ç...

You may provide a definition with
\DeclareUnicodeCharacter 


! LaTeX Error: Unicode character —å (U+044C)
               not set up for use with LaTeX.

See the LaTeX manual or LaTeX Companion for explanation.
Type  H <return>  for immediate help.
 ...                                              
                                                  
l.42 ...Å—Ç–≤–æ –±–ª–∏–∑–Ω–µ—Ü–æ–≤. –ù–∞–∏–±–æ–ª—å
                                                  —à–µ–π –∏–∑ –∏–∑–≤–µ—Å—Ç–Ω...

You may provide a definition with
\DeclareUnicodeCharacter 


! LaTeX Error: Unicode character —à (U+0448)
               not set up for use with LaTeX.

See the LaTeX manual or LaTeX Companion for explanation.
Type  H <return>  for immediate help.
 ...                                              
                                                  
l.42 ...Ç–≤–æ –±–ª–∏–∑–Ω–µ—Ü–æ–≤. –ù–∞–∏–±–æ–ª—å—à
                                                  –µ–π –∏–∑ –∏–∑–≤–µ—Å—Ç–Ω—ã...

You may provide a definition with
\DeclareUnicodeCharacter 


! LaTeX Error: Unicode character –µ (U+0435)
               not set up for use with LaTeX.

See the LaTeX manual or LaTeX Companion for explanation.
Type  H <return>  for immediate help.
 ...                                              
                                                  
l.42 ...≤–æ –±–ª–∏–∑–Ω–µ—Ü–æ–≤. –ù–∞–∏–±–æ–ª—å—à–µ
                                                  –π –∏–∑ –∏–∑–≤–µ—Å—Ç–Ω—ã—Ö...

You may provide a definition with
\DeclareUnicodeCharacter 


! LaTeX Error: Unicode character –π (U+0439)
               not set up for use with LaTeX.

See the LaTeX manual or LaTeX Companion for explanation.
Type  H <return>  for immediate help.
 ...                                              
                                                  
l.42 ...æ –±–ª–∏–∑–Ω–µ—Ü–æ–≤. –ù–∞–∏–±–æ–ª—å—à–µ–π
                                                   –∏–∑ –∏–∑–≤–µ—Å—Ç–Ω—ã—Ö –...

You may provide a definition with
\DeclareUnicodeCharacter 


! LaTeX Error: Unicode character –∏ (U+0438)
               not set up for use with LaTeX.

See the LaTeX manual or LaTeX Companion for explanation.
Type  H <return>  for immediate help.
 ...                                              
                                                  
l.42 ...±–ª–∏–∑–Ω–µ—Ü–æ–≤. –ù–∞–∏–±–æ–ª—å—à–µ–π –∏
                                                  –∑ –∏–∑–≤–µ—Å—Ç–Ω—ã—Ö –ø–∞...

You may provide a definition with
\DeclareUnicodeCharacter 


! LaTeX Error: Unicode character –∑ (U+0437)
               not set up for use with LaTeX.

See the LaTeX manual or LaTeX Companion for explanation.
Type  H <return>  for immediate help.
 ...                                              
                                                  
l.42 ...ª–∏–∑–Ω–µ—Ü–æ–≤. –ù–∞–∏–±–æ–ª—å—à–µ–π –∏–∑
                                                   –∏–∑–≤–µ—Å—Ç–Ω—ã—Ö –ø–∞—Ä...

You may provide a definition with
\DeclareUnicodeCharacter 


! LaTeX Error: Unicode character –∏ (U+0438)
               not set up for use with LaTeX.

See the LaTeX manual or LaTeX Companion for explanation.
Type  H <return>  for immediate help.
 ...                                              
                                                  
l.42 ...–∑–Ω–µ—Ü–æ–≤. –ù–∞–∏–±–æ–ª—å—à–µ–π –∏–∑ –∏
                                                  –∑–≤–µ—Å—Ç–Ω—ã—Ö –ø–∞—Ä-–±...

You may provide a definition with
\DeclareUnicodeCharacter 


! LaTeX Error: Unicode character –∑ (U+0437)
               not set up for use with LaTeX.

See the LaTeX manual or LaTeX Companion for explanation.
Type  H <return>  for immediate help.
 ...                                              
                                                  
l.42 ...–Ω–µ—Ü–æ–≤. –ù–∞–∏–±–æ–ª—å—à–µ–π –∏–∑ –∏–∑
                                                  –≤–µ—Å—Ç–Ω—ã—Ö –ø–∞—Ä-–±–ª...

You may provide a definition with
\DeclareUnicodeCharacter 


! LaTeX Error: Unicode character –≤ (U+0432)
               not set up for use with LaTeX.

See the LaTeX manual or LaTeX Companion for explanation.
Type  H <return>  for immediate help.
 ...                                              
                                                  
l.42 ...–µ—Ü–æ–≤. –ù–∞–∏–±–æ–ª—å—à–µ–π –∏–∑ –∏–∑–≤
                                                  –µ—Å—Ç–Ω—ã—Ö –ø–∞—Ä-–±–ª–∏...

You may provide a definition with
\DeclareUnicodeCharacter 


! LaTeX Error: Unicode character –µ (U+0435)
               not set up for use with LaTeX.

See the LaTeX manual or LaTeX Companion for explanation.
Type  H <return>  for immediate help.
 ...                                              
                                                  
l.42 ...—Ü–æ–≤. –ù–∞–∏–±–æ–ª—å—à–µ–π –∏–∑ –∏–∑–≤–µ
                                                  —Å—Ç–Ω—ã—Ö –ø–∞—Ä-–±–ª–∏–∑...

You may provide a definition with
\DeclareUnicodeCharacter 


! LaTeX Error: Unicode character —Å (U+0441)
               not set up for use with LaTeX.

See the LaTeX manual or LaTeX Companion for explanation.
Type  H <return>  for immediate help.
 ...                                              
                                                  
l.42 ...–æ–≤. –ù–∞–∏–±–æ–ª—å—à–µ–π –∏–∑ –∏–∑–≤–µ—Å
                                                  —Ç–Ω—ã—Ö –ø–∞—Ä-–±–ª–∏–∑–Ω...

You may provide a definition with
\DeclareUnicodeCharacter 


! LaTeX Error: Unicode character —Ç (U+0442)
               not set up for use with LaTeX.

See the LaTeX manual or LaTeX Companion for explanation.
Type  H <return>  for immediate help.
 ...                                              
                                                  
l.42 ...–≤. –ù–∞–∏–±–æ–ª—å—à–µ–π –∏–∑ –∏–∑–≤–µ—Å—Ç
                                                  –Ω—ã—Ö –ø–∞—Ä-–±–ª–∏–∑–Ω–µ...

You may provide a definition with
\DeclareUnicodeCharacter 


! LaTeX Error: Unicode character –Ω (U+043D)
               not set up for use with LaTeX.

See the LaTeX manual or LaTeX Companion for explanation.
Type  H <return>  for immediate help.
 ...                                              
                                                  
l.42 .... –ù–∞–∏–±–æ–ª—å—à–µ–π –∏–∑ –∏–∑–≤–µ—Å—Ç–Ω
                                                  —ã—Ö –ø–∞—Ä-–±–ª–∏–∑–Ω–µ—Ü...

You may provide a definition with
\DeclareUnicodeCharacter 


! LaTeX Error: Unicode character —ã (U+044B)
               not set up for use with LaTeX.

See the LaTeX manual or LaTeX Companion for explanation.
Type  H <return>  for immediate help.
 ...                                              
                                                  
l.42 ...–ù–∞–∏–±–æ–ª—å—à–µ–π –∏–∑ –∏–∑–≤–µ—Å—Ç–Ω—ã
                                                  —Ö –ø–∞—Ä-–±–ª–∏–∑–Ω–µ—Ü–æ...

You may provide a definition with
\DeclareUnicodeCharacter 


! LaTeX Error: Unicode character —Ö (U+0445)
               not set up for use with LaTeX.

See the LaTeX manual or LaTeX Companion for explanation.
Type  H <return>  for immediate help.
 ...                                              
                                                  
l.42 ...–∞–∏–±–æ–ª—å—à–µ–π –∏–∑ –∏–∑–≤–µ—Å—Ç–Ω—ã—Ö
                                                   –ø–∞—Ä-–±–ª–∏–∑–Ω–µ—Ü–æ–≤...

You may provide a definition with
\DeclareUnicodeCharacter 


! LaTeX Error: Unicode character –ø (U+043F)
               not set up for use with LaTeX.

See the LaTeX manual or LaTeX Companion for explanation.
Type  H <return>  for immediate help.
 ...                                              
                                                  
l.42 ...∏–±–æ–ª—å—à–µ–π –∏–∑ –∏–∑–≤–µ—Å—Ç–Ω—ã—Ö –ø
                                                  –∞—Ä-–±–ª–∏–∑–Ω–µ—Ü–æ–≤ —è...

You may provide a definition with
\DeclareUnicodeCharacter 


! LaTeX Error: Unicode character –∞ (U+0430)
               not set up for use with LaTeX.

See the LaTeX manual or LaTeX Companion for explanation.
Type  H <return>  for immediate help.
 ...                                              
                                                  
l.42 ...±–æ–ª—å—à–µ–π –∏–∑ –∏–∑–≤–µ—Å—Ç–Ω—ã—Ö –ø–∞
                                                  —Ä-–±–ª–∏–∑–Ω–µ—Ü–æ–≤ —è–≤...

You may provide a definition with
\DeclareUnicodeCharacter 


! LaTeX Error: Unicode character —Ä (U+0440)
               not set up for use with LaTeX.

See the LaTeX manual or LaTeX Companion for explanation.
Type  H <return>  for immediate help.
 ...                                              
                                                  
l.42 ...æ–ª—å—à–µ–π –∏–∑ –∏–∑–≤–µ—Å—Ç–Ω—ã—Ö –ø–∞—Ä
                                                  -–±–ª–∏–∑–Ω–µ—Ü–æ–≤ —è–≤–ª...

You may provide a definition with
\DeclareUnicodeCharacter 

Missing character: There is no - in font nullfont!

! LaTeX Error: Unicode character –± (U+0431)
               not set up for use with LaTeX.

See the LaTeX manual or LaTeX Companion for explanation.
Type  H <return>  for immediate help.
 ...                                              
                                                  
l.42 ...—å—à–µ–π –∏–∑ –∏–∑–≤–µ—Å—Ç–Ω—ã—Ö –ø–∞—Ä-–±
                                                  –ª–∏–∑–Ω–µ—Ü–æ–≤ —è–≤–ª—è–...

You may provide a definition with
\DeclareUnicodeCharacter 


! LaTeX Error: Unicode character –ª (U+043B)
               not set up for use with LaTeX.

See the LaTeX manual or LaTeX Companion for explanation.
Type  H <return>  for immediate help.
 ...                                              
                                                  
l.42 ...—à–µ–π –∏–∑ –∏–∑–≤–µ—Å—Ç–Ω—ã—Ö –ø–∞—Ä-–±–ª
                                                  –∏–∑–Ω–µ—Ü–æ–≤ —è–≤–ª—è–µ—...

You may provide a definition with
\DeclareUnicodeCharacter 


! LaTeX Error: Unicode character –∏ (U+0438)
               not set up for use with LaTeX.

See the LaTeX manual or LaTeX Companion for explanation.
Type  H <return>  for immediate help.
 ...                                              
                                                  
l.42 ...–µ–π –∏–∑ –∏–∑–≤–µ—Å—Ç–Ω—ã—Ö –ø–∞—Ä-–±–ª–∏
                                                  –∑–Ω–µ—Ü–æ–≤ —è–≤–ª—è–µ—Ç—...

You may provide a definition with
\DeclareUnicodeCharacter 


! LaTeX Error: Unicode character –∑ (U+0437)
               not set up for use with LaTeX.

See the LaTeX manual or LaTeX Companion for explanation.
Type  H <return>  for immediate help.
 ...                                              
                                                  
l.42 ...–π –∏–∑ –∏–∑–≤–µ—Å—Ç–Ω—ã—Ö –ø–∞—Ä-–±–ª–∏–∑
                                                  –Ω–µ—Ü–æ–≤ —è–≤–ª—è–µ—Ç—Å—...

You may provide a definition with
\DeclareUnicodeCharacter 


! LaTeX Error: Unicode character –Ω (U+043D)
               not set up for use with LaTeX.

See the LaTeX manual or LaTeX Companion for explanation.
Type  H <return>  for immediate help.
 ...                                              
                                                  
l.42 ... –∏–∑ –∏–∑–≤–µ—Å—Ç–Ω—ã—Ö –ø–∞—Ä-–±–ª–∏–∑–Ω
                                                  –µ—Ü–æ–≤ —è–≤–ª—è–µ—Ç—Å—è ...

You may provide a definition with
\DeclareUnicodeCharacter 


! LaTeX Error: Unicode character –µ (U+0435)
               not set up for use with LaTeX.

See the LaTeX manual or LaTeX Companion for explanation.
Type  H <return>  for immediate help.
 ...                                              
                                                  
l.42 ...∏–∑ –∏–∑–≤–µ—Å—Ç–Ω—ã—Ö –ø–∞—Ä-–±–ª–∏–∑–Ω–µ
                                                  —Ü–æ–≤ —è–≤–ª—è–µ—Ç—Å—è –ø...

You may provide a definition with
\DeclareUnicodeCharacter 


! LaTeX Error: Unicode character —Ü (U+0446)
               not set up for use with LaTeX.

See the LaTeX manual or LaTeX Companion for explanation.
Type  H <return>  for immediate help.
 ...                                              
                                                  
l.42 ...∑ –∏–∑–≤–µ—Å—Ç–Ω—ã—Ö –ø–∞—Ä-–±–ª–∏–∑–Ω–µ—Ü
                                                  –æ–≤ —è–≤–ª—è–µ—Ç—Å—è –ø–∞...

You may provide a definition with
\DeclareUnicodeCharacter 


! LaTeX Error: Unicode character –æ (U+043E)
               not set up for use with LaTeX.

See the LaTeX manual or LaTeX Companion for explanation.
Type  H <return>  for immediate help.
 ...                                              
                                                  
l.42 ...–∏–∑–≤–µ—Å—Ç–Ω—ã—Ö –ø–∞—Ä-–±–ª–∏–∑–Ω–µ—Ü–æ
                                                  –≤ —è–≤–ª—è–µ—Ç—Å—è –ø–∞—Ä...

You may provide a definition with
\DeclareUnicodeCharacter 


! LaTeX Error: Unicode character –≤ (U+0432)
               not set up for use with LaTeX.

See the LaTeX manual or LaTeX Companion for explanation.
Type  H <return>  for immediate help.
 ...                                              
                                                  
l.42 ...–∑–≤–µ—Å—Ç–Ω—ã—Ö –ø–∞—Ä-–±–ª–∏–∑–Ω–µ—Ü–æ–≤
                                                   —è–≤–ª—è–µ—Ç—Å—è –ø–∞—Ä–∞...

You may provide a definition with
\DeclareUnicodeCharacter 


! LaTeX Error: Unicode character —è (U+044F)
               not set up for use with LaTeX.

See the LaTeX manual or LaTeX Companion for explanation.
Type  H <return>  for immediate help.
 ...                                              
                                                  
l.42 ...≤–µ—Å—Ç–Ω—ã—Ö –ø–∞—Ä-–±–ª–∏–∑–Ω–µ—Ü–æ–≤ —è
                                                  –≤–ª—è–µ—Ç—Å—è –ø–∞—Ä–∞ (1...

You may provide a definition with
\DeclareUnicodeCharacter 


! LaTeX Error: Unicode character –≤ (U+0432)
               not set up for use with LaTeX.

See the LaTeX manual or LaTeX Companion for explanation.
Type  H <return>  for immediate help.
 ...                                              
                                                  
l.42 ...µ—Å—Ç–Ω—ã—Ö –ø–∞—Ä-–±–ª–∏–∑–Ω–µ—Ü–æ–≤ —è–≤
                                                  –ª—è–µ—Ç—Å—è –ø–∞—Ä–∞ (100...

You may provide a definition with
\DeclareUnicodeCharacter 


! LaTeX Error: Unicode character –ª (U+043B)
               not set up for use with LaTeX.

See the LaTeX manual or LaTeX Companion for explanation.
Type  H <return>  for immediate help.
 ...                                              
                                                  
l.42 ...Å—Ç–Ω—ã—Ö –ø–∞—Ä-–±–ª–∏–∑–Ω–µ—Ü–æ–≤ —è–≤–ª
                                                  —è–µ—Ç—Å—è –ø–∞—Ä–∞ (10000...

You may provide a definition with
\DeclareUnicodeCharacter 


! LaTeX Error: Unicode character —è (U+044F)
               not set up for use with LaTeX.

See the LaTeX manual or LaTeX Companion for explanation.
Type  H <return>  for immediate help.
 ...                                              
                                                  
l.42 ...Ç–Ω—ã—Ö –ø–∞—Ä-–±–ª–∏–∑–Ω–µ—Ü–æ–≤ —è–≤–ª—è
                                                  –µ—Ç—Å—è –ø–∞—Ä–∞ (1000000...

You may provide a definition with
\DeclareUnicodeCharacter 


! LaTeX Error: Unicode character –µ (U+0435)
               not set up for use with LaTeX.

See the LaTeX manual or LaTeX Companion for explanation.
Type  H <return>  for immediate help.
 ...                                              
                                                  
l.42 ...Ω—ã—Ö –ø–∞—Ä-–±–ª–∏–∑–Ω–µ—Ü–æ–≤ —è–≤–ª—è–µ
                                                  —Ç—Å—è –ø–∞—Ä–∞ (100000000...

You may provide a definition with
\DeclareUnicodeCharacter 


! LaTeX Error: Unicode character —Ç (U+0442)
               not set up for use with LaTeX.

See the LaTeX manual or LaTeX Companion for explanation.
Type  H <return>  for immediate help.
 ...                                              
                                                  
l.42 ...ã—Ö –ø–∞—Ä-–±–ª–∏–∑–Ω–µ—Ü–æ–≤ —è–≤–ª—è–µ—Ç
                                                  —Å—è –ø–∞—Ä–∞ (10000000009...

You may provide a definition with
\DeclareUnicodeCharacter 


! LaTeX Error: Unicode character —Å (U+0441)
               not set up for use with LaTeX.

See the LaTeX manual or LaTeX Companion for explanation.
Type  H <return>  for immediate help.
 ...                                              
                                                  
l.42 ...Ö –ø–∞—Ä-–±–ª–∏–∑–Ω–µ—Ü–æ–≤ —è–≤–ª—è–µ—Ç—Å
                                                  —è –ø–∞—Ä–∞ (1000000000964...

You may provide a definition with
\DeclareUnicodeCharacter 


! LaTeX Error: Unicode character —è (U+044F)
               not set up for use with LaTeX.

See the LaTeX manual or LaTeX Companion for explanation.
Type  H <return>  for immediate help.
 ...                                              
                                                  
l.42 ...–ø–∞—Ä-–±–ª–∏–∑–Ω–µ—Ü–æ–≤ —è–≤–ª—è–µ—Ç—Å—è
                                                   –ø–∞—Ä–∞ (10000000009649,...

You may provide a definition with
\DeclareUnicodeCharacter 


! LaTeX Error: Unicode character –ø (U+043F)
               not set up for use with LaTeX.

See the LaTeX manual or LaTeX Companion for explanation.
Type  H <return>  for immediate help.
 ...                                              
                                                  
l.42 ...∞—Ä-–±–ª–∏–∑–Ω–µ—Ü–æ–≤ —è–≤–ª—è–µ—Ç—Å—è –ø
                                                  –∞—Ä–∞ (10000000009649, 10...

You may provide a definition with
\DeclareUnicodeCharacter 


! LaTeX Error: Unicode character –∞ (U+0430)
               not set up for use with LaTeX.

See the LaTeX manual or LaTeX Companion for explanation.
Type  H <return>  for immediate help.
 ...                                              
                                                  
l.42 ...Ä-–±–ª–∏–∑–Ω–µ—Ü–æ–≤ —è–≤–ª—è–µ—Ç—Å—è –ø–∞
                                                  —Ä–∞ (10000000009649, 1000...

You may provide a definition with
\DeclareUnicodeCharacter 


! LaTeX Error: Unicode character —Ä (U+0440)
               not set up for use with LaTeX.

See the LaTeX manual or LaTeX Companion for explanation.
Type  H <return>  for immediate help.
 ...                                              
                                                  
l.42 ...–±–ª–∏–∑–Ω–µ—Ü–æ–≤ —è–≤–ª—è–µ—Ç—Å—è –ø–∞—Ä
                                                  –∞ (10000000009649, 100000...

You may provide a definition with
\DeclareUnicodeCharacter 


! LaTeX Error: Unicode character –∞ (U+0430)
               not set up for use with LaTeX.

See the LaTeX manual or LaTeX Companion for explanation.
Type  H <return>  for immediate help.
 ...                                              
                                                  
l.42 ...–ª–∏–∑–Ω–µ—Ü–æ–≤ —è–≤–ª—è–µ—Ç—Å—è –ø–∞—Ä–∞
                                                   (10000000009649, 10000000...

You may provide a definition with
\DeclareUnicodeCharacter 

Missing character: There is no ( in font nullfont!
Missing character: There is no 1 in font nullfont!
Missing character: There is no 0 in font nullfont!
Missing character: There is no 0 in font nullfont!
Missing character: There is no 0 in font nullfont!
Missing character: There is no 0 in font nullfont!
Missing character: There is no 0 in font nullfont!
Missing character: There is no 0 in font nullfont!
Missing character: There is no 0 in font nullfont!
Missing character: There is no 0 in font nullfont!
Missing character: There is no 0 in font nullfont!
Missing character: There is no 9 in font nullfont!
Missing character: There is no 6 in font nullfont!
Missing character: There is no 4 in font nullfont!
Missing character: There is no 9 in font nullfont!
Missing character: There is no , in font nullfont!
Missing character: There is no 1 in font nullfont!
Missing character: There is no 0 in font nullfont!
Missing character: There is no 0 in font nullfont!
Missing character: There is no 0 in font nullfont!
Missing character: There is no 0 in font nullfont!
Missing character: There is no 0 in font nullfont!
Missing character: There is no 0 in font nullfont!
Missing character: There is no 0 in font nullfont!
Missing character: There is no 0 in font nullfont!
Missing character: There is no 0 in font nullfont!
Missing character: There is no 9 in font nullfont!
Missing character: There is no 6 in font nullfont!
Missing character: There is no 5 in font nullfont!
Missing character: There is no 1 in font nullfont!
Missing character: There is no ) in font nullfont!
Missing character: There is no . in font nullfont!

Overfull \hbox (20.0pt too wide) in paragraph at lines 42--43
[]
 []


! LaTeX Error: Missing \begin{document}.

See the LaTeX manual or LaTeX Companion for explanation.
Type  H <return>  for immediate help.
 ...                                              
                                                  
l.44 \textbf{3.}
                
You're in trouble here.  Try typing  <return>  to proceed.
If that doesn't work, type  X <return>  to quit.


! LaTeX Error: Unicode character –ö (U+041A)
               not set up for use with LaTeX.

See the LaTeX manual or LaTeX Companion for explanation.
Type  H <return>  for immediate help.
 ...                                              
                                                  
l.45 –ö
       –æ—Å–Ω—ë–º—Å—è –µ—â—ë –æ–¥–Ω–æ–≥–æ –≤–æ–ø—Ä–æ—Å–∞, —Å–≤—è–∑–∞–Ω–Ω–æ–≥...

You may provide a definition with
\DeclareUnicodeCharacter 


! LaTeX Error: Unicode character –æ (U+043E)
               not set up for use with LaTeX.

See the LaTeX manual or LaTeX Companion for explanation.
Type  H <return>  for immediate help.
 ...                                              
                                                  
l.45 –ö–æ
         —Å–Ω—ë–º—Å—è –µ—â—ë –æ–¥–Ω–æ–≥–æ –≤–æ–ø—Ä–æ—Å–∞, —Å–≤—è–∑–∞–Ω–Ω–æ–≥...

You may provide a definition with
\DeclareUnicodeCharacter 


! LaTeX Error: Unicode character —Å (U+0441)
               not set up for use with LaTeX.

See the LaTeX manual or LaTeX Companion for explanation.
Type  H <return>  for immediate help.
 ...                                              
                                                  
l.45 –ö–æ—Å
           –Ω—ë–º—Å—è –µ—â—ë –æ–¥–Ω–æ–≥–æ –≤–æ–ø—Ä–æ—Å–∞, —Å–≤—è–∑–∞–Ω–Ω–æ–≥...

You may provide a definition with
\DeclareUnicodeCharacter 


! LaTeX Error: Unicode character –Ω (U+043D)
               not set up for use with LaTeX.

See the LaTeX manual or LaTeX Companion for explanation.
Type  H <return>  for immediate help.
 ...                                              
                                                  
l.45 –ö–æ—Å–Ω
             —ë–º—Å—è –µ—â—ë –æ–¥–Ω–æ–≥–æ –≤–æ–ø—Ä–æ—Å–∞, —Å–≤—è–∑–∞–Ω–Ω–æ–≥...

You may provide a definition with
\DeclareUnicodeCharacter 


! LaTeX Error: Unicode character —ë (U+0451)
               not set up for use with LaTeX.

See the LaTeX manual or LaTeX Companion for explanation.
Type  H <return>  for immediate help.
 ...                                              
                                                  
l.45 –ö–æ—Å–Ω—ë
               –º—Å—è –µ—â—ë –æ–¥–Ω–æ–≥–æ –≤–æ–ø—Ä–æ—Å–∞, —Å–≤—è–∑–∞–Ω–Ω–æ–≥...

You may provide a definition with
\DeclareUnicodeCharacter 


! LaTeX Error: Unicode character –º (U+043C)
               not set up for use with LaTeX.

See the LaTeX manual or LaTeX Companion for explanation.
Type  H <return>  for immediate help.
 ...                                              
                                                  
l.45 –ö–æ—Å–Ω—ë–º
                 —Å—è –µ—â—ë –æ–¥–Ω–æ–≥–æ –≤–æ–ø—Ä–æ—Å–∞, —Å–≤—è–∑–∞–Ω–Ω–æ–≥...

You may provide a definition with
\DeclareUnicodeCharacter 


! LaTeX Error: Unicode character —Å (U+0441)
               not set up for use with LaTeX.

See the LaTeX manual or LaTeX Companion for explanation.
Type  H <return>  for immediate help.
 ...                                              
                                                  
l.45 –ö–æ—Å–Ω—ë–º—Å
                   —è –µ—â—ë –æ–¥–Ω–æ–≥–æ –≤–æ–ø—Ä–æ—Å–∞, —Å–≤—è–∑–∞–Ω–Ω–æ–≥...

You may provide a definition with
\DeclareUnicodeCharacter 


! LaTeX Error: Unicode character —è (U+044F)
               not set up for use with LaTeX.

See the LaTeX manual or LaTeX Companion for explanation.
Type  H <return>  for immediate help.
 ...                                              
                                                  
l.45 –ö–æ—Å–Ω—ë–º—Å—è
                      –µ—â—ë –æ–¥–Ω–æ–≥–æ –≤–æ–ø—Ä–æ—Å–∞, —Å–≤—è–∑–∞–Ω–Ω–æ–≥...

You may provide a definition with
\DeclareUnicodeCharacter 


! LaTeX Error: Unicode character –µ (U+0435)
               not set up for use with LaTeX.

See the LaTeX manual or LaTeX Companion for explanation.
Type  H <return>  for immediate help.
 ...                                              
                                                  
l.45 –ö–æ—Å–Ω—ë–º—Å—è –µ
                        —â—ë –æ–¥–Ω–æ–≥–æ –≤–æ–ø—Ä–æ—Å–∞, —Å–≤—è–∑–∞–Ω–Ω–æ–≥...

You may provide a definition with
\DeclareUnicodeCharacter 


! LaTeX Error: Unicode character —â (U+0449)
               not set up for use with LaTeX.

See the LaTeX manual or LaTeX Companion for explanation.
Type  H <return>  for immediate help.
 ...                                              
                                                  
l.45 –ö–æ—Å–Ω—ë–º—Å—è –µ—â
                          —ë –æ–¥–Ω–æ–≥–æ –≤–æ–ø—Ä–æ—Å–∞, —Å–≤—è–∑–∞–Ω–Ω–æ–≥...

You may provide a definition with
\DeclareUnicodeCharacter 


! LaTeX Error: Unicode character —ë (U+0451)
               not set up for use with LaTeX.

See the LaTeX manual or LaTeX Companion for explanation.
Type  H <return>  for immediate help.
 ...                                              
                                                  
l.45 –ö–æ—Å–Ω—ë–º—Å—è –µ—â—ë
                             –æ–¥–Ω–æ–≥–æ –≤–æ–ø—Ä–æ—Å–∞, —Å–≤—è–∑–∞–Ω–Ω–æ–≥...

You may provide a definition with
\DeclareUnicodeCharacter 


! LaTeX Error: Unicode character –æ (U+043E)
               not set up for use with LaTeX.

See the LaTeX manual or LaTeX Companion for explanation.
Type  H <return>  for immediate help.
 ...                                              
                                                  
l.45 –ö–æ—Å–Ω—ë–º—Å—è –µ—â—ë –æ
                               –¥–Ω–æ–≥–æ –≤–æ–ø—Ä–æ—Å–∞, —Å–≤—è–∑–∞–Ω–Ω–æ–≥...

You may provide a definition with
\DeclareUnicodeCharacter 


! LaTeX Error: Unicode character –¥ (U+0434)
               not set up for use with LaTeX.

See the LaTeX manual or LaTeX Companion for explanation.
Type  H <return>  for immediate help.
 ...                                              
                                                  
l.45 –ö–æ—Å–Ω—ë–º—Å—è –µ—â—ë –æ–¥
                                 –Ω–æ–≥–æ –≤–æ–ø—Ä–æ—Å–∞, —Å–≤—è–∑–∞–Ω–Ω–æ–≥...

You may provide a definition with
\DeclareUnicodeCharacter 


! LaTeX Error: Unicode character –Ω (U+043D)
               not set up for use with LaTeX.

See the LaTeX manual or LaTeX Companion for explanation.
Type  H <return>  for immediate help.
 ...                                              
                                                  
l.45 –ö–æ—Å–Ω—ë–º—Å—è –µ—â—ë –æ–¥–Ω
                                   –æ–≥–æ –≤–æ–ø—Ä–æ—Å–∞, —Å–≤—è–∑–∞–Ω–Ω–æ–≥...

You may provide a definition with
\DeclareUnicodeCharacter 


! LaTeX Error: Unicode character –æ (U+043E)
               not set up for use with LaTeX.

See the LaTeX manual or LaTeX Companion for explanation.
Type  H <return>  for immediate help.
 ...                                              
                                                  
l.45 –ö–æ—Å–Ω—ë–º—Å—è –µ—â—ë –æ–¥–Ω–æ
                                     –≥–æ –≤–æ–ø—Ä–æ—Å–∞, —Å–≤—è–∑–∞–Ω–Ω–æ–≥...

You may provide a definition with
\DeclareUnicodeCharacter 


! LaTeX Error: Unicode character –≥ (U+0433)
               not set up for use with LaTeX.

See the LaTeX manual or LaTeX Companion for explanation.
Type  H <return>  for immediate help.
 ...                                              
                                                  
l.45 –ö–æ—Å–Ω—ë–º—Å—è –µ—â—ë –æ–¥–Ω–æ–≥
                                       –æ –≤–æ–ø—Ä–æ—Å–∞, —Å–≤—è–∑–∞–Ω–Ω–æ–≥...

You may provide a definition with
\DeclareUnicodeCharacter 


! LaTeX Error: Unicode character –æ (U+043E)
               not set up for use with LaTeX.

See the LaTeX manual or LaTeX Companion for explanation.
Type  H <return>  for immediate help.
 ...                                              
                                                  
l.45 –ö–æ—Å–Ω—ë–º—Å—è –µ—â—ë –æ–¥–Ω–æ–≥–æ
                                          –≤–æ–ø—Ä–æ—Å–∞, —Å–≤—è–∑–∞–Ω–Ω–æ–≥...

You may provide a definition with
\DeclareUnicodeCharacter 


! LaTeX Error: Unicode character –≤ (U+0432)
               not set up for use with LaTeX.

See the LaTeX manual or LaTeX Companion for explanation.
Type  H <return>  for immediate help.
 ...                                              
                                                  
l.45 –ö–æ—Å–Ω—ë–º—Å—è –µ—â—ë –æ–¥–Ω–æ–≥–æ –≤
                                            –æ–ø—Ä–æ—Å–∞, —Å–≤—è–∑–∞–Ω–Ω–æ–≥...

You may provide a definition with
\DeclareUnicodeCharacter 


! LaTeX Error: Unicode character –æ (U+043E)
               not set up for use with LaTeX.

See the LaTeX manual or LaTeX Companion for explanation.
Type  H <return>  for immediate help.
 ...                                              
                                                  
l.45 –ö–æ—Å–Ω—ë–º—Å—è –µ—â—ë –æ–¥–Ω–æ–≥–æ –≤–æ
                                              –ø—Ä–æ—Å–∞, —Å–≤—è–∑–∞–Ω–Ω–æ–≥...

You may provide a definition with
\DeclareUnicodeCharacter 


! LaTeX Error: Unicode character –ø (U+043F)
               not set up for use with LaTeX.

See the LaTeX manual or LaTeX Companion for explanation.
Type  H <return>  for immediate help.
 ...                                              
                                                  
l.45 –ö–æ—Å–Ω—ë–º—Å—è –µ—â—ë –æ–¥–Ω–æ–≥–æ –≤–æ–ø
                                                —Ä–æ—Å–∞, —Å–≤—è–∑–∞–Ω–Ω–æ–≥...

You may provide a definition with
\DeclareUnicodeCharacter 


! LaTeX Error: Unicode character —Ä (U+0440)
               not set up for use with LaTeX.

See the LaTeX manual or LaTeX Companion for explanation.
Type  H <return>  for immediate help.
 ...                                              
                                                  
l.45 –ö–æ—Å–Ω—ë–º—Å—è –µ—â—ë –æ–¥–Ω–æ–≥–æ –≤–æ–ø—Ä
                                                  –æ—Å–∞, —Å–≤—è–∑–∞–Ω–Ω–æ–≥...

You may provide a definition with
\DeclareUnicodeCharacter 


! LaTeX Error: Unicode character –æ (U+043E)
               not set up for use with LaTeX.

See the LaTeX manual or LaTeX Companion for explanation.
Type  H <return>  for immediate help.
 ...                                              
                                                  
l.45 ...Å–Ω—ë–º—Å—è –µ—â—ë –æ–¥–Ω–æ–≥–æ –≤–æ–ø—Ä–æ
                                                  —Å–∞, —Å–≤—è–∑–∞–Ω–Ω–æ–≥–æ...

You may provide a definition with
\DeclareUnicodeCharacter 


! LaTeX Error: Unicode character —Å (U+0441)
               not set up for use with LaTeX.

See the LaTeX manual or LaTeX Companion for explanation.
Type  H <return>  for immediate help.
 ...                                              
                                                  
l.45 ...Ω—ë–º—Å—è –µ—â—ë –æ–¥–Ω–æ–≥–æ –≤–æ–ø—Ä–æ—Å
                                                  –∞, —Å–≤—è–∑–∞–Ω–Ω–æ–≥–æ —...

You may provide a definition with
\DeclareUnicodeCharacter 


! LaTeX Error: Unicode character –∞ (U+0430)
               not set up for use with LaTeX.

See the LaTeX manual or LaTeX Companion for explanation.
Type  H <return>  for immediate help.
 ...                                              
                                                  
l.45 ...ë–º—Å—è –µ—â—ë –æ–¥–Ω–æ–≥–æ –≤–æ–ø—Ä–æ—Å–∞
                                                  , —Å–≤—è–∑–∞–Ω–Ω–æ–≥–æ —Å ...

You may provide a definition with
\DeclareUnicodeCharacter 

Missing character: There is no , in font nullfont!

! LaTeX Error: Unicode character —Å (U+0441)
               not set up for use with LaTeX.

See the LaTeX manual or LaTeX Companion for explanation.
Type  H <return>  for immediate help.
 ...                                              
                                                  
l.45 ...Å—è –µ—â—ë –æ–¥–Ω–æ–≥–æ –≤–æ–ø—Ä–æ—Å–∞, —Å
                                                  –≤—è–∑–∞–Ω–Ω–æ–≥–æ —Å –ø—Ä...

You may provide a definition with
\DeclareUnicodeCharacter 


! LaTeX Error: Unicode character –≤ (U+0432)
               not set up for use with LaTeX.

See the LaTeX manual or LaTeX Companion for explanation.
Type  H <return>  for immediate help.
 ...                                              
                                                  
l.45 ...è –µ—â—ë –æ–¥–Ω–æ–≥–æ –≤–æ–ø—Ä–æ—Å–∞, —Å–≤
                                                  —è–∑–∞–Ω–Ω–æ–≥–æ —Å –ø—Ä–æ...

You may provide a definition with
\DeclareUnicodeCharacter 


! LaTeX Error: Unicode character —è (U+044F)
               not set up for use with LaTeX.

See the LaTeX manual or LaTeX Companion for explanation.
Type  H <return>  for immediate help.
 ...                                              
                                                  
l.45 ...–µ—â—ë –æ–¥–Ω–æ–≥–æ –≤–æ–ø—Ä–æ—Å–∞, —Å–≤—è
                                                  –∑–∞–Ω–Ω–æ–≥–æ —Å –ø—Ä–æ—Å...

You may provide a definition with
\DeclareUnicodeCharacter 


! LaTeX Error: Unicode character –∑ (U+0437)
               not set up for use with LaTeX.

See the LaTeX manual or LaTeX Companion for explanation.
Type  H <return>  for immediate help.
 ...                                              
                                                  
l.45 ...—â—ë –æ–¥–Ω–æ–≥–æ –≤–æ–ø—Ä–æ—Å–∞, —Å–≤—è–∑
                                                  –∞–Ω–Ω–æ–≥–æ —Å –ø—Ä–æ—Å—Ç...

You may provide a definition with
\DeclareUnicodeCharacter 


! LaTeX Error: Unicode character –∞ (U+0430)
               not set up for use with LaTeX.

See the LaTeX manual or LaTeX Companion for explanation.
Type  H <return>  for immediate help.
 ...                                              
                                                  
l.45 ...—ë –æ–¥–Ω–æ–≥–æ –≤–æ–ø—Ä–æ—Å–∞, —Å–≤—è–∑–∞
                                                  –Ω–Ω–æ–≥–æ —Å –ø—Ä–æ—Å—Ç—ã...

You may provide a definition with
\DeclareUnicodeCharacter 


! LaTeX Error: Unicode character –Ω (U+043D)
               not set up for use with LaTeX.

See the LaTeX manual or LaTeX Companion for explanation.
Type  H <return>  for immediate help.
 ...                                              
                                                  
l.45 ... –æ–¥–Ω–æ–≥–æ –≤–æ–ø—Ä–æ—Å–∞, —Å–≤—è–∑–∞–Ω
                                                  –Ω–æ–≥–æ —Å –ø—Ä–æ—Å—Ç—ã–º...

You may provide a definition with
\DeclareUnicodeCharacter 


! LaTeX Error: Unicode character –Ω (U+043D)
               not set up for use with LaTeX.

See the LaTeX manual or LaTeX Companion for explanation.
Type  H <return>  for immediate help.
 ...                                              
                                                  
l.45 ...æ–¥–Ω–æ–≥–æ –≤–æ–ø—Ä–æ—Å–∞, —Å–≤—è–∑–∞–Ω–Ω
                                                  –æ–≥–æ —Å –ø—Ä–æ—Å—Ç—ã–º–∏...

You may provide a definition with
\DeclareUnicodeCharacter 


! LaTeX Error: Unicode character –æ (U+043E)
               not set up for use with LaTeX.

See the LaTeX manual or LaTeX Companion for explanation.
Type  H <return>  for immediate help.
 ...                                              
                                                  
l.45 ...¥–Ω–æ–≥–æ –≤–æ–ø—Ä–æ—Å–∞, —Å–≤—è–∑–∞–Ω–Ω–æ
                                                  –≥–æ —Å –ø—Ä–æ—Å—Ç—ã–º–∏ —...

You may provide a definition with
\DeclareUnicodeCharacter 


! LaTeX Error: Unicode character –≥ (U+0433)
               not set up for use with LaTeX.

See the LaTeX manual or LaTeX Companion for explanation.
Type  H <return>  for immediate help.
 ...                                              
                                                  
l.45 ...Ω–æ–≥–æ –≤–æ–ø—Ä–æ—Å–∞, —Å–≤—è–∑–∞–Ω–Ω–æ–≥
                                                  –æ —Å –ø—Ä–æ—Å—Ç—ã–º–∏ —á–...

You may provide a definition with
\DeclareUnicodeCharacter 


! LaTeX Error: Unicode character –æ (U+043E)
               not set up for use with LaTeX.

See the LaTeX manual or LaTeX Companion for explanation.
Type  H <return>  for immediate help.
 ...                                              
                                                  
l.45 ...æ–≥–æ –≤–æ–ø—Ä–æ—Å–∞, —Å–≤—è–∑–∞–Ω–Ω–æ–≥–æ
                                                   —Å –ø—Ä–æ—Å—Ç—ã–º–∏ —á–∏—...

You may provide a definition with
\DeclareUnicodeCharacter 


! LaTeX Error: Unicode character —Å (U+0441)
               not set up for use with LaTeX.

See the LaTeX manual or LaTeX Companion for explanation.
Type  H <return>  for immediate help.
 ...                                              
                                                  
l.45 ...–æ –≤–æ–ø—Ä–æ—Å–∞, —Å–≤—è–∑–∞–Ω–Ω–æ–≥–æ —Å
                                                   –ø—Ä–æ—Å—Ç—ã–º–∏ —á–∏—Å–ª...

You may provide a definition with
\DeclareUnicodeCharacter 


! LaTeX Error: Unicode character –ø (U+043F)
               not set up for use with LaTeX.

See the LaTeX manual or LaTeX Companion for explanation.
Type  H <return>  for immediate help.
 ...                                              
                                                  
l.45 ...–≤–æ–ø—Ä–æ—Å–∞, —Å–≤—è–∑–∞–Ω–Ω–æ–≥–æ —Å –ø
                                                  —Ä–æ—Å—Ç—ã–º–∏ —á–∏—Å–ª–∞–...

You may provide a definition with
\DeclareUnicodeCharacter 


! LaTeX Error: Unicode character —Ä (U+0440)
               not set up for use with LaTeX.

See the LaTeX manual or LaTeX Companion for explanation.
Type  H <return>  for immediate help.
 ...                                              
                                                  
l.45 ...–æ–ø—Ä–æ—Å–∞, —Å–≤—è–∑–∞–Ω–Ω–æ–≥–æ —Å –ø—Ä
                                                  –æ—Å—Ç—ã–º–∏ —á–∏—Å–ª–∞–º–...

You may provide a definition with
\DeclareUnicodeCharacter 


! LaTeX Error: Unicode character –æ (U+043E)
               not set up for use with LaTeX.

See the LaTeX manual or LaTeX Companion for explanation.
Type  H <return>  for immediate help.
 ...                                              
                                                  
l.45 ...–ø—Ä–æ—Å–∞, —Å–≤—è–∑–∞–Ω–Ω–æ–≥–æ —Å –ø—Ä–æ
                                                  —Å—Ç—ã–º–∏ —á–∏—Å–ª–∞–º–∏....

You may provide a definition with
\DeclareUnicodeCharacter 


! LaTeX Error: Unicode character —Å (U+0441)
               not set up for use with LaTeX.

See the LaTeX manual or LaTeX Companion for explanation.
Type  H <return>  for immediate help.
 ...                                              
                                                  
l.45 ...—Ä–æ—Å–∞, —Å–≤—è–∑–∞–Ω–Ω–æ–≥–æ —Å –ø—Ä–æ—Å
                                                  —Ç—ã–º–∏ —á–∏—Å–ª–∞–º–∏. –...

You may provide a definition with
\DeclareUnicodeCharacter 


! LaTeX Error: Unicode character —Ç (U+0442)
               not set up for use with LaTeX.

See the LaTeX manual or LaTeX Companion for explanation.
Type  H <return>  for immediate help.
 ...                                              
                                                  
l.45 ...–æ—Å–∞, —Å–≤—è–∑–∞–Ω–Ω–æ–≥–æ —Å –ø—Ä–æ—Å—Ç
                                                  —ã–º–∏ —á–∏—Å–ª–∞–º–∏. –í–...

You may provide a definition with
\DeclareUnicodeCharacter 


! LaTeX Error: Unicode character —ã (U+044B)
               not set up for use with LaTeX.

See the LaTeX manual or LaTeX Companion for explanation.
Type  H <return>  for immediate help.
 ...                                              
                                                  
l.45 ...—Å–∞, —Å–≤—è–∑–∞–Ω–Ω–æ–≥–æ —Å –ø—Ä–æ—Å—Ç—ã
                                                  –º–∏ —á–∏—Å–ª–∞–º–∏. –í–æ–...

You may provide a definition with
\DeclareUnicodeCharacter 


! LaTeX Error: Unicode character –º (U+043C)
               not set up for use with LaTeX.

See the LaTeX manual or LaTeX Companion for explanation.
Type  H <return>  for immediate help.
 ...                                              
                                                  
l.45 ...–∞, —Å–≤—è–∑–∞–Ω–Ω–æ–≥–æ —Å –ø—Ä–æ—Å—Ç—ã–º
                                                  –∏ —á–∏—Å–ª–∞–º–∏. –í–æ–∑—...

You may provide a definition with
\DeclareUnicodeCharacter 


! LaTeX Error: Unicode character –∏ (U+0438)
               not set up for use with LaTeX.

See the LaTeX manual or LaTeX Companion for explanation.
Type  H <return>  for immediate help.
 ...                                              
                                                  
l.45 ..., —Å–≤—è–∑–∞–Ω–Ω–æ–≥–æ —Å –ø—Ä–æ—Å—Ç—ã–º–∏
                                                   —á–∏—Å–ª–∞–º–∏. –í–æ–∑—å–...

You may provide a definition with
\DeclareUnicodeCharacter 


! LaTeX Error: Unicode character —á (U+0447)
               not set up for use with LaTeX.

See the LaTeX manual or LaTeX Companion for explanation.
Type  H <return>  for immediate help.
 ...                                              
                                                  
l.45 ...Å–≤—è–∑–∞–Ω–Ω–æ–≥–æ —Å –ø—Ä–æ—Å—Ç—ã–º–∏ —á
                                                  –∏—Å–ª–∞–º–∏. –í–æ–∑—å–º—ë...

You may provide a definition with
\DeclareUnicodeCharacter 


! LaTeX Error: Unicode character –∏ (U+0438)
               not set up for use with LaTeX.

See the LaTeX manual or LaTeX Companion for explanation.
Type  H <return>  for immediate help.
 ...                                              
                                                  
l.45 ...≤—è–∑–∞–Ω–Ω–æ–≥–æ —Å –ø—Ä–æ—Å—Ç—ã–º–∏ —á–∏
                                                  —Å–ª–∞–º–∏. –í–æ–∑—å–º—ë–º...

You may provide a definition with
\DeclareUnicodeCharacter 


! LaTeX Error: Unicode character —Å (U+0441)
               not set up for use with LaTeX.

See the LaTeX manual or LaTeX Companion for explanation.
Type  H <return>  for immediate help.
 ...                                              
                                                  
l.45 ...è–∑–∞–Ω–Ω–æ–≥–æ —Å –ø—Ä–æ—Å—Ç—ã–º–∏ —á–∏—Å
                                                  –ª–∞–º–∏. –í–æ–∑—å–º—ë–º –...

You may provide a definition with
\DeclareUnicodeCharacter 


! LaTeX Error: Unicode character –ª (U+043B)
               not set up for use with LaTeX.

See the LaTeX manual or LaTeX Companion for explanation.
Type  H <return>  for immediate help.
 ...                                              
                                                  
l.45 ...∑–∞–Ω–Ω–æ–≥–æ —Å –ø—Ä–æ—Å—Ç—ã–º–∏ —á–∏—Å–ª
                                                  –∞–º–∏. –í–æ–∑—å–º—ë–º –æ—...

You may provide a definition with
\DeclareUnicodeCharacter 


! LaTeX Error: Unicode character –∞ (U+0430)
               not set up for use with LaTeX.

See the LaTeX manual or LaTeX Companion for explanation.
Type  H <return>  for immediate help.
 ...                                              
                                                  
l.45 ...∞–Ω–Ω–æ–≥–æ —Å –ø—Ä–æ—Å—Ç—ã–º–∏ —á–∏—Å–ª–∞
                                                  –º–∏. –í–æ–∑—å–º—ë–º –æ—Ç—...

You may provide a definition with
\DeclareUnicodeCharacter 


! LaTeX Error: Unicode character –º (U+043C)
               not set up for use with LaTeX.

See the LaTeX manual or LaTeX Companion for explanation.
Type  H <return>  for immediate help.
 ...                                              
                                                  
l.45 ...Ω–Ω–æ–≥–æ —Å –ø—Ä–æ—Å—Ç—ã–º–∏ —á–∏—Å–ª–∞–º
                                                  –∏. –í–æ–∑—å–º—ë–º –æ—Ç—Ä–...

You may provide a definition with
\DeclareUnicodeCharacter 


! LaTeX Error: Unicode character –∏ (U+0438)
               not set up for use with LaTeX.

See the LaTeX manual or LaTeX Companion for explanation.
Type  H <return>  for immediate help.
 ...                                              
                                                  
l.45 ...Ω–æ–≥–æ —Å –ø—Ä–æ—Å—Ç—ã–º–∏ —á–∏—Å–ª–∞–º–∏
                                                  . –í–æ–∑—å–º—ë–º –æ—Ç—Ä–µ–...

You may provide a definition with
\DeclareUnicodeCharacter 

Missing character: There is no . in font nullfont!

! LaTeX Error: Unicode character –í (U+0412)
               not set up for use with LaTeX.

See the LaTeX manual or LaTeX Companion for explanation.
Type  H <return>  for immediate help.
 ...                                              
                                                  
l.45 ...≥–æ —Å –ø—Ä–æ—Å—Ç—ã–º–∏ —á–∏—Å–ª–∞–º–∏. –í
                                                  –æ–∑—å–º—ë–º –æ—Ç—Ä–µ–∑–æ–...

You may provide a definition with
\DeclareUnicodeCharacter 


! LaTeX Error: Unicode character –æ (U+043E)
               not set up for use with LaTeX.

See the LaTeX manual or LaTeX Companion for explanation.
Type  H <return>  for immediate help.
 ...                                              
                                                  
l.45 ...æ —Å –ø—Ä–æ—Å—Ç—ã–º–∏ —á–∏—Å–ª–∞–º–∏. –í–æ
                                                  –∑—å–º—ë–º –æ—Ç—Ä–µ–∑–æ–∫ ...

You may provide a definition with
\DeclareUnicodeCharacter 


! LaTeX Error: Unicode character –∑ (U+0437)
               not set up for use with LaTeX.

See the LaTeX manual or LaTeX Companion for explanation.
Type  H <return>  for immediate help.
 ...                                              
                                                  
l.45 ...—Å –ø—Ä–æ—Å—Ç—ã–º–∏ —á–∏—Å–ª–∞–º–∏. –í–æ–∑
                                                  —å–º—ë–º –æ—Ç—Ä–µ–∑–æ–∫ —Ä...

You may provide a definition with
\DeclareUnicodeCharacter 


! LaTeX Error: Unicode character —å (U+044C)
               not set up for use with LaTeX.

See the LaTeX manual or LaTeX Companion for explanation.
Type  H <return>  for immediate help.
 ...                                              
                                                  
l.45 ... –ø—Ä–æ—Å—Ç—ã–º–∏ —á–∏—Å–ª–∞–º–∏. –í–æ–∑—å
                                                  –º—ë–º –æ—Ç—Ä–µ–∑–æ–∫ —Ä—è...

You may provide a definition with
\DeclareUnicodeCharacter 


! LaTeX Error: Unicode character –º (U+043C)
               not set up for use with LaTeX.

See the LaTeX manual or LaTeX Companion for explanation.
Type  H <return>  for immediate help.
 ...                                              
                                                  
l.45 ...ø—Ä–æ—Å—Ç—ã–º–∏ —á–∏—Å–ª–∞–º–∏. –í–æ–∑—å–º
                                                  —ë–º –æ—Ç—Ä–µ–∑–æ–∫ —Ä—è–¥...

You may provide a definition with
\DeclareUnicodeCharacter 


! LaTeX Error: Unicode character —ë (U+0451)
               not set up for use with LaTeX.

See the LaTeX manual or LaTeX Companion for explanation.
Type  H <return>  for immediate help.
 ...                                              
                                                  
l.45 ...Ä–æ—Å—Ç—ã–º–∏ —á–∏—Å–ª–∞–º–∏. –í–æ–∑—å–º—ë
                                                  –º –æ—Ç—Ä–µ–∑–æ–∫ —Ä—è–¥–∞...

You may provide a definition with
\DeclareUnicodeCharacter 


! LaTeX Error: Unicode character –º (U+043C)
               not set up for use with LaTeX.

See the LaTeX manual or LaTeX Companion for explanation.
Type  H <return>  for immediate help.
 ...                                              
                                                  
l.45 ...æ—Å—Ç—ã–º–∏ —á–∏—Å–ª–∞–º–∏. –í–æ–∑—å–º—ë–º
                                                   –æ—Ç—Ä–µ–∑–æ–∫ —Ä—è–¥–∞ –...

You may provide a definition with
\DeclareUnicodeCharacter 


! LaTeX Error: Unicode character –æ (U+043E)
               not set up for use with LaTeX.

See the LaTeX manual or LaTeX Companion for explanation.
Type  H <return>  for immediate help.
 ...                                              
                                                  
l.45 ...—Ç—ã–º–∏ —á–∏—Å–ª–∞–º–∏. –í–æ–∑—å–º—ë–º –æ
                                                  —Ç—Ä–µ–∑–æ–∫ —Ä—è–¥–∞ –Ω–∞...

You may provide a definition with
\DeclareUnicodeCharacter 


! LaTeX Error: Unicode character —Ç (U+0442)
               not set up for use with LaTeX.

See the LaTeX manual or LaTeX Companion for explanation.
Type  H <return>  for immediate help.
 ...                                              
                                                  
l.45 ...—ã–º–∏ —á–∏—Å–ª–∞–º–∏. –í–æ–∑—å–º—ë–º –æ—Ç
                                                  —Ä–µ–∑–æ–∫ —Ä—è–¥–∞ –Ω–∞—Ç...

You may provide a definition with
\DeclareUnicodeCharacter 


! LaTeX Error: Unicode character —Ä (U+0440)
               not set up for use with LaTeX.

See the LaTeX manual or LaTeX Companion for explanation.
Type  H <return>  for immediate help.
 ...                                              
                                                  
l.45 ...–º–∏ —á–∏—Å–ª–∞–º–∏. –í–æ–∑—å–º—ë–º –æ—Ç—Ä
                                                  –µ–∑–æ–∫ —Ä—è–¥–∞ –Ω–∞—Ç—É...

You may provide a definition with
\DeclareUnicodeCharacter 


! LaTeX Error: Unicode character –µ (U+0435)
               not set up for use with LaTeX.

See the LaTeX manual or LaTeX Companion for explanation.
Type  H <return>  for immediate help.
 ...                                              
                                                  
l.45 ...–∏ —á–∏—Å–ª–∞–º–∏. –í–æ–∑—å–º—ë–º –æ—Ç—Ä–µ
                                                  –∑–æ–∫ —Ä—è–¥–∞ –Ω–∞—Ç—É—Ä...

You may provide a definition with
\DeclareUnicodeCharacter 


! LaTeX Error: Unicode character –∑ (U+0437)
               not set up for use with LaTeX.

See the LaTeX manual or LaTeX Companion for explanation.
Type  H <return>  for immediate help.
 ...                                              
                                                  
l.45 ... —á–∏—Å–ª–∞–º–∏. –í–æ–∑—å–º—ë–º –æ—Ç—Ä–µ–∑
                                                  –æ–∫ —Ä—è–¥–∞ –Ω–∞—Ç—É—Ä–∞...

You may provide a definition with
\DeclareUnicodeCharacter 


! LaTeX Error: Unicode character –æ (U+043E)
               not set up for use with LaTeX.

See the LaTeX manual or LaTeX Companion for explanation.
Type  H <return>  for immediate help.
 ...                                              
                                                  
l.45 ...á–∏—Å–ª–∞–º–∏. –í–æ–∑—å–º—ë–º –æ—Ç—Ä–µ–∑–æ
                                                  –∫ —Ä—è–¥–∞ –Ω–∞—Ç—É—Ä–∞–ª...

You may provide a definition with
\DeclareUnicodeCharacter 


! LaTeX Error: Unicode character –∫ (U+043A)
               not set up for use with LaTeX.

See the LaTeX manual or LaTeX Companion for explanation.
Type  H <return>  for immediate help.
 ...                                              
                                                  
l.45 ...∏—Å–ª–∞–º–∏. –í–æ–∑—å–º—ë–º –æ—Ç—Ä–µ–∑–æ–∫
                                                   —Ä—è–¥–∞ –Ω–∞—Ç—É—Ä–∞–ª—å...

You may provide a definition with
\DeclareUnicodeCharacter 


! LaTeX Error: Unicode character —Ä (U+0440)
               not set up for use with LaTeX.

See the LaTeX manual or LaTeX Companion for explanation.
Type  H <return>  for immediate help.
 ...                                              
                                                  
l.45 ...–ª–∞–º–∏. –í–æ–∑—å–º—ë–º –æ—Ç—Ä–µ–∑–æ–∫ —Ä
                                                  —è–¥–∞ –Ω–∞—Ç—É—Ä–∞–ª—å–Ω—...

You may provide a definition with
\DeclareUnicodeCharacter 


! LaTeX Error: Unicode character —è (U+044F)
               not set up for use with LaTeX.

See the LaTeX manual or LaTeX Companion for explanation.
Type  H <return>  for immediate help.
 ...                                              
                                                  
l.45 ...–∞–º–∏. –í–æ–∑—å–º—ë–º –æ—Ç—Ä–µ–∑–æ–∫ —Ä—è
                                                  –¥–∞ –Ω–∞—Ç—É—Ä–∞–ª—å–Ω—ã—...

You may provide a definition with
\DeclareUnicodeCharacter 


! LaTeX Error: Unicode character –¥ (U+0434)
               not set up for use with LaTeX.

See the LaTeX manual or LaTeX Companion for explanation.
Type  H <return>  for immediate help.
 ...                                              
                                                  
l.45 ...–º–∏. –í–æ–∑—å–º—ë–º –æ—Ç—Ä–µ–∑–æ–∫ —Ä—è–¥
                                                  –∞ –Ω–∞—Ç—É—Ä–∞–ª—å–Ω—ã—Ö ...

You may provide a definition with
\DeclareUnicodeCharacter 


! LaTeX Error: Unicode character –∞ (U+0430)
               not set up for use with LaTeX.

See the LaTeX manual or LaTeX Companion for explanation.
Type  H <return>  for immediate help.
 ...                                              
                                                  
l.45 ...–∏. –í–æ–∑—å–º—ë–º –æ—Ç—Ä–µ–∑–æ–∫ —Ä—è–¥–∞
                                                   –Ω–∞—Ç—É—Ä–∞–ª—å–Ω—ã—Ö —á...

You may provide a definition with
\DeclareUnicodeCharacter 


! LaTeX Error: Unicode character –Ω (U+043D)
               not set up for use with LaTeX.

See the LaTeX manual or LaTeX Companion for explanation.
Type  H <return>  for immediate help.
 ...                                              
                                                  
l.45 ... –í–æ–∑—å–º—ë–º –æ—Ç—Ä–µ–∑–æ–∫ —Ä—è–¥–∞ –Ω
                                                  –∞—Ç—É—Ä–∞–ª—å–Ω—ã—Ö —á–∏—...

You may provide a definition with
\DeclareUnicodeCharacter 


! LaTeX Error: Unicode character –∞ (U+0430)
               not set up for use with LaTeX.

See the LaTeX manual or LaTeX Companion for explanation.
Type  H <return>  for immediate help.
 ...                                              
                                                  
l.45 ...í–æ–∑—å–º—ë–º –æ—Ç—Ä–µ–∑–æ–∫ —Ä—è–¥–∞ –Ω–∞
                                                  —Ç—É—Ä–∞–ª—å–Ω—ã—Ö —á–∏—Å–...

You may provide a definition with
\DeclareUnicodeCharacter 


! LaTeX Error: Unicode character —Ç (U+0442)
               not set up for use with LaTeX.

See the LaTeX manual or LaTeX Companion for explanation.
Type  H <return>  for immediate help.
 ...                                              
                                                  
l.45 ...æ–∑—å–º—ë–º –æ—Ç—Ä–µ–∑–æ–∫ —Ä—è–¥–∞ –Ω–∞—Ç
                                                  —É—Ä–∞–ª—å–Ω—ã—Ö —á–∏—Å–µ–...

You may provide a definition with
\DeclareUnicodeCharacter 


! LaTeX Error: Unicode character —É (U+0443)
               not set up for use with LaTeX.

See the LaTeX manual or LaTeX Companion for explanation.
Type  H <return>  for immediate help.
 ...                                              
                                                  
l.45 ...∑—å–º—ë–º –æ—Ç—Ä–µ–∑–æ–∫ —Ä—è–¥–∞ –Ω–∞—Ç—É
                                                  —Ä–∞–ª—å–Ω—ã—Ö —á–∏—Å–µ–ª ...

You may provide a definition with
\DeclareUnicodeCharacter 


! LaTeX Error: Unicode character —Ä (U+0440)
               not set up for use with LaTeX.

See the LaTeX manual or LaTeX Companion for explanation.
Type  H <return>  for immediate help.
 ...                                              
                                                  
l.45 ...å–º—ë–º –æ—Ç—Ä–µ–∑–æ–∫ —Ä—è–¥–∞ –Ω–∞—Ç—É—Ä
                                                  –∞–ª—å–Ω—ã—Ö —á–∏—Å–µ–ª –æ...

You may provide a definition with
\DeclareUnicodeCharacter 


! LaTeX Error: Unicode character –∞ (U+0430)
               not set up for use with LaTeX.

See the LaTeX manual or LaTeX Companion for explanation.
Type  H <return>  for immediate help.
 ...                                              
                                                  
l.45 ...º—ë–º –æ—Ç—Ä–µ–∑–æ–∫ —Ä—è–¥–∞ –Ω–∞—Ç—É—Ä–∞
                                                  –ª—å–Ω—ã—Ö —á–∏—Å–µ–ª –æ—Ç...

You may provide a definition with
\DeclareUnicodeCharacter 


! LaTeX Error: Unicode character –ª (U+043B)
               not set up for use with LaTeX.

See the LaTeX manual or LaTeX Companion for explanation.
Type  H <return>  for immediate help.
 ...                                              
                                                  
l.45 ...ë–º –æ—Ç—Ä–µ–∑–æ–∫ —Ä—è–¥–∞ –Ω–∞—Ç—É—Ä–∞–ª
                                                  —å–Ω—ã—Ö —á–∏—Å–µ–ª –æ—Ç 1...

You may provide a definition with
\DeclareUnicodeCharacter 


! LaTeX Error: Unicode character —å (U+044C)
               not set up for use with LaTeX.

See the LaTeX manual or LaTeX Companion for explanation.
Type  H <return>  for immediate help.
 ...                                              
                                                  
l.45 ...º –æ—Ç—Ä–µ–∑–æ–∫ —Ä—è–¥–∞ –Ω–∞—Ç—É—Ä–∞–ª—å
                                                  –Ω—ã—Ö —á–∏—Å–µ–ª –æ—Ç 1 –...

You may provide a definition with
\DeclareUnicodeCharacter 


! LaTeX Error: Unicode character –Ω (U+043D)
               not set up for use with LaTeX.

See the LaTeX manual or LaTeX Companion for explanation.
Type  H <return>  for immediate help.
 ...                                              
                                                  
l.45 ...–æ—Ç—Ä–µ–∑–æ–∫ —Ä—è–¥–∞ –Ω–∞—Ç—É—Ä–∞–ª—å–Ω
                                                  —ã—Ö —á–∏—Å–µ–ª –æ—Ç 1 –¥–...

You may provide a definition with
\DeclareUnicodeCharacter 


! LaTeX Error: Unicode character —ã (U+044B)
               not set up for use with LaTeX.

See the LaTeX manual or LaTeX Companion for explanation.
Type  H <return>  for immediate help.
 ...                                              
                                                  
l.45 ...—Ç—Ä–µ–∑–æ–∫ —Ä—è–¥–∞ –Ω–∞—Ç—É—Ä–∞–ª—å–Ω—ã
                                                  —Ö —á–∏—Å–µ–ª –æ—Ç 1 –¥–æ ...

You may provide a definition with
\DeclareUnicodeCharacter 


! LaTeX Error: Unicode character —Ö (U+0445)
               not set up for use with LaTeX.

See the LaTeX manual or LaTeX Companion for explanation.
Type  H <return>  for immediate help.
 ...                                              
                                                  
l.45 ...—Ä–µ–∑–æ–∫ —Ä—è–¥–∞ –Ω–∞—Ç—É—Ä–∞–ª—å–Ω—ã—Ö
                                                   —á–∏—Å–µ–ª –æ—Ç 1 –¥–æ –Ω...

You may provide a definition with
\DeclareUnicodeCharacter 


! LaTeX Error: Unicode character —á (U+0447)
               not set up for use with LaTeX.

See the LaTeX manual or LaTeX Companion for explanation.
Type  H <return>  for immediate help.
 ...                                              
                                                  
l.45 ...µ–∑–æ–∫ —Ä—è–¥–∞ –Ω–∞—Ç—É—Ä–∞–ª—å–Ω—ã—Ö —á
                                                  –∏—Å–µ–ª –æ—Ç 1 –¥–æ –Ω–µ ...

You may provide a definition with
\DeclareUnicodeCharacter 


! LaTeX Error: Unicode character –∏ (U+0438)
               not set up for use with LaTeX.

See the LaTeX manual or LaTeX Companion for explanation.
Type  H <return>  for immediate help.
 ...                                              
                                                  
l.45 ...∑–æ–∫ —Ä—è–¥–∞ –Ω–∞—Ç—É—Ä–∞–ª—å–Ω—ã—Ö —á–∏
                                                  —Å–µ–ª –æ—Ç 1 –¥–æ –Ω–µ –∫...

You may provide a definition with
\DeclareUnicodeCharacter 


! LaTeX Error: Unicode character —Å (U+0441)
               not set up for use with LaTeX.

See the LaTeX manual or LaTeX Companion for explanation.
Type  H <return>  for immediate help.
 ...                                              
                                                  
l.45 ...æ–∫ —Ä—è–¥–∞ –Ω–∞—Ç—É—Ä–∞–ª—å–Ω—ã—Ö —á–∏—Å
                                                  –µ–ª –æ—Ç 1 –¥–æ –Ω–µ –∫–æ...

You may provide a definition with
\DeclareUnicodeCharacter 


! LaTeX Error: Unicode character –µ (U+0435)
               not set up for use with LaTeX.

See the LaTeX manual or LaTeX Companion for explanation.
Type  H <return>  for immediate help.
 ...                                              
                                                  
l.45 ...∫ —Ä—è–¥–∞ –Ω–∞—Ç—É—Ä–∞–ª—å–Ω—ã—Ö —á–∏—Å–µ
                                                  –ª –æ—Ç 1 –¥–æ –Ω–µ –∫–æ—Ç...

You may provide a definition with
\DeclareUnicodeCharacter 


! LaTeX Error: Unicode character –ª (U+043B)
               not set up for use with LaTeX.

See the LaTeX manual or LaTeX Companion for explanation.
Type  H <return>  for immediate help.
 ...                                              
                                                  
l.45 ...—Ä—è–¥–∞ –Ω–∞—Ç—É—Ä–∞–ª—å–Ω—ã—Ö —á–∏—Å–µ–ª
                                                   –æ—Ç 1 –¥–æ –Ω–µ –∫–æ—Ç–æ...

You may provide a definition with
\DeclareUnicodeCharacter 


! LaTeX Error: Unicode character –æ (U+043E)
               not set up for use with LaTeX.

See the LaTeX manual or LaTeX Companion for explanation.
Type  H <return>  for immediate help.
 ...                                              
                                                  
l.45 ...è–¥–∞ –Ω–∞—Ç—É—Ä–∞–ª—å–Ω—ã—Ö —á–∏—Å–µ–ª –æ
                                                  —Ç 1 –¥–æ –Ω–µ –∫–æ—Ç–æ—Ä–...

You may provide a definition with
\DeclareUnicodeCharacter 


! LaTeX Error: Unicode character —Ç (U+0442)
               not set up for use with LaTeX.

See the LaTeX manual or LaTeX Companion for explanation.
Type  H <return>  for immediate help.
 ...                                              
                                                  
l.45 ...¥–∞ –Ω–∞—Ç—É—Ä–∞–ª—å–Ω—ã—Ö —á–∏—Å–µ–ª –æ—Ç
                                                   1 –¥–æ –Ω–µ –∫–æ—Ç–æ—Ä–æ–...

You may provide a definition with
\DeclareUnicodeCharacter 

Missing character: There is no 1 in font nullfont!

! LaTeX Error: Unicode character –¥ (U+0434)
               not set up for use with LaTeX.

See the LaTeX manual or LaTeX Companion for explanation.
Type  H <return>  for immediate help.
 ...                                              
                                                  
l.45 ...Ω–∞—Ç—É—Ä–∞–ª—å–Ω—ã—Ö —á–∏—Å–µ–ª –æ—Ç 1 –¥
                                                  –æ –Ω–µ –∫–æ—Ç–æ—Ä–æ–≥–æ n...

You may provide a definition with
\DeclareUnicodeCharacter 


! LaTeX Error: Unicode character –æ (U+043E)
               not set up for use with LaTeX.

See the LaTeX manual or LaTeX Companion for explanation.
Type  H <return>  for immediate help.
 ...                                              
                                                  
l.45 ...∞—Ç—É—Ä–∞–ª—å–Ω—ã—Ö —á–∏—Å–µ–ª –æ—Ç 1 –¥–æ
                                                   –Ω–µ –∫–æ—Ç–æ—Ä–æ–≥–æ n –...

You may provide a definition with
\DeclareUnicodeCharacter 


! LaTeX Error: Unicode character –Ω (U+043D)
               not set up for use with LaTeX.

See the LaTeX manual or LaTeX Companion for explanation.
Type  H <return>  for immediate help.
 ...                                              
                                                  
l.45 ...—É—Ä–∞–ª—å–Ω—ã—Ö —á–∏—Å–µ–ª –æ—Ç 1 –¥–æ –Ω
                                                  –µ –∫–æ—Ç–æ—Ä–æ–≥–æ n –≤–∫...

You may provide a definition with
\DeclareUnicodeCharacter 


! LaTeX Error: Unicode character –µ (U+0435)
               not set up for use with LaTeX.

See the LaTeX manual or LaTeX Companion for explanation.
Type  H <return>  for immediate help.
 ...                                              
                                                  
l.45 ...—Ä–∞–ª—å–Ω—ã—Ö —á–∏—Å–µ–ª –æ—Ç 1 –¥–æ –Ω–µ
                                                   –∫–æ—Ç–æ—Ä–æ–≥–æ n –≤–∫–ª...

You may provide a definition with
\DeclareUnicodeCharacter 


! LaTeX Error: Unicode character –∫ (U+043A)
               not set up for use with LaTeX.

See the LaTeX manual or LaTeX Companion for explanation.
Type  H <return>  for immediate help.
 ...                                              
                                                  
l.45 ...∞–ª—å–Ω—ã—Ö —á–∏—Å–µ–ª –æ—Ç 1 –¥–æ –Ω–µ –∫
                                                  –æ—Ç–æ—Ä–æ–≥–æ n –≤–∫–ª—é—...

You may provide a definition with
\DeclareUnicodeCharacter 


! LaTeX Error: Unicode character –æ (U+043E)
               not set up for use with LaTeX.

See the LaTeX manual or LaTeX Companion for explanation.
Type  H <return>  for immediate help.
 ...                                              
                                                  
l.45 ...ª—å–Ω—ã—Ö —á–∏—Å–µ–ª –æ—Ç 1 –¥–æ –Ω–µ –∫–æ
                                                  —Ç–æ—Ä–æ–≥–æ n –≤–∫–ª—é—á–...

You may provide a definition with
\DeclareUnicodeCharacter 


! LaTeX Error: Unicode character —Ç (U+0442)
               not set up for use with LaTeX.

See the LaTeX manual or LaTeX Companion for explanation.
Type  H <return>  for immediate help.
 ...                                              
                                                  
l.45 ...å–Ω—ã—Ö —á–∏—Å–µ–ª –æ—Ç 1 –¥–æ –Ω–µ –∫–æ—Ç
                                                  –æ—Ä–æ–≥–æ n –≤–∫–ª—é—á–∏—...

You may provide a definition with
\DeclareUnicodeCharacter 


! LaTeX Error: Unicode character –æ (U+043E)
               not set up for use with LaTeX.

See the LaTeX manual or LaTeX Companion for explanation.
Type  H <return>  for immediate help.
 ...                                              
                                                  
l.45 ...Ω—ã—Ö —á–∏—Å–µ–ª –æ—Ç 1 –¥–æ –Ω–µ –∫–æ—Ç–æ
                                                  —Ä–æ–≥–æ n –≤–∫–ª—é—á–∏—Ç–...

You may provide a definition with
\DeclareUnicodeCharacter 


! LaTeX Error: Unicode character —Ä (U+0440)
               not set up for use with LaTeX.

See the LaTeX manual or LaTeX Companion for explanation.
Type  H <return>  for immediate help.
 ...                                              
                                                  
l.45 ...ã—Ö —á–∏—Å–µ–ª –æ—Ç 1 –¥–æ –Ω–µ –∫–æ—Ç–æ—Ä
                                                  –æ–≥–æ n –≤–∫–ª—é—á–∏—Ç–µ–...

You may provide a definition with
\DeclareUnicodeCharacter 


! LaTeX Error: Unicode character –æ (U+043E)
               not set up for use with LaTeX.

See the LaTeX manual or LaTeX Companion for explanation.
Type  H <return>  for immediate help.
 ...                                              
                                                  
l.45 ...Ö —á–∏—Å–µ–ª –æ—Ç 1 –¥–æ –Ω–µ –∫–æ—Ç–æ—Ä–æ
                                                  –≥–æ n –≤–∫–ª—é—á–∏—Ç–µ–ª—...

You may provide a definition with
\DeclareUnicodeCharacter 


! LaTeX Error: Unicode character –≥ (U+0433)
               not set up for use with LaTeX.

See the LaTeX manual or LaTeX Companion for explanation.
Type  H <return>  for immediate help.
 ...                                              
                                                  
l.45 ...—á–∏—Å–µ–ª –æ—Ç 1 –¥–æ –Ω–µ –∫–æ—Ç–æ—Ä–æ–≥
                                                  –æ n –≤–∫–ª—é—á–∏—Ç–µ–ª—å–...

You may provide a definition with
\DeclareUnicodeCharacter 


! LaTeX Error: Unicode character –æ (U+043E)
               not set up for use with LaTeX.

See the LaTeX manual or LaTeX Companion for explanation.
Type  H <return>  for immediate help.
 ...                                              
                                                  
l.45 ...–∏—Å–µ–ª –æ—Ç 1 –¥–æ –Ω–µ –∫–æ—Ç–æ—Ä–æ–≥–æ
                                                   n –≤–∫–ª—é—á–∏—Ç–µ–ª—å–Ω–...

You may provide a definition with
\DeclareUnicodeCharacter 

Missing character: There is no n in font nullfont!

! LaTeX Error: Unicode character –≤ (U+0432)
               not set up for use with LaTeX.

See the LaTeX manual or LaTeX Companion for explanation.
Type  H <return>  for immediate help.
 ...                                              
                                                  
l.45 ...µ–ª –æ—Ç 1 –¥–æ –Ω–µ –∫–æ—Ç–æ—Ä–æ–≥–æ n –≤
                                                  –∫–ª—é—á–∏—Ç–µ–ª—å–Ω–æ. –ù...
(That makes 100 errors; please try again.) 
Here is how much of TeX's memory you used:
 61 strings out of 475550
 877 string characters out of 5785872
 1925187 words of memory out of 5000000
 22278 multiletter control sequences out of 15000+600000
 558377 words of font info for 37 fonts, out of 8000000 for 9000
 430 hyphenation exceptions out of 8191
 18i,1n,20p,721b,64s stack positions out of 10000i,1000n,20000p,200000b,200000s

!  ==> Fatal error occurred, no output PDF file produced!
